<?xml version="1.0" encoding="UTF-8"?>
<!-- Generated by org.testng.reporters.JUnitXMLReporter -->
<testsuite ignored="0" hostname="Atuls-MacBook-Pro.local" failures="0" tests="3" name="Default test" time="10.497" errors="0" timestamp="2023-09-05T17:53:23 IST">
  <testcase classname="practice.GET_APIs" name="get_APPFORM" time="5.612"/>
  <testcase classname="practice.GET_APIs" name="get_HealthCheck" time="1.863"/>
  <testcase classname="practice.GET_APIs" name="get_LoanDetails" time="2.948"/>
</testsuite> <!-- Default test -->
