<?xml version="1.0" encoding="UTF-8"?>
<testng-results ignored="0" total="3" passed="3" failed="0" skipped="0">
  <reporter-output>
  </reporter-output>
  <suite started-at="2023-09-05T17:53:08 IST" name="Default suite" finished-at="2023-09-05T17:53:18 IST" duration-ms="10497">
    <groups>
    </groups>
    <test started-at="2023-09-05T17:53:08 IST" name="Default test" finished-at="2023-09-05T17:53:18 IST" duration-ms="10497">
      <class name="practice.GET_APIs">
        <test-method signature="get_APPFORM()[pri:0, instance:practice.GET_APIs@31e5415e]" started-at="2023-09-05T17:53:08 IST" name="get_APPFORM" finished-at="2023-09-05T17:53:14 IST" duration-ms="5612" status="PASS">
          <reporter-output>
          </reporter-output>
        </test-method> <!-- get_APPFORM -->
        <test-method signature="get_HealthCheck()[pri:0, instance:practice.GET_APIs@31e5415e]" started-at="2023-09-05T17:53:14 IST" name="get_HealthCheck" finished-at="2023-09-05T17:53:15 IST" duration-ms="1863" status="PASS">
          <reporter-output>
          </reporter-output>
        </test-method> <!-- get_HealthCheck -->
        <test-method signature="get_LoanDetails()[pri:0, instance:practice.GET_APIs@31e5415e]" started-at="2023-09-05T17:53:15 IST" name="get_LoanDetails" finished-at="2023-09-05T17:53:18 IST" duration-ms="2948" status="PASS">
          <reporter-output>
          </reporter-output>
        </test-method> <!-- get_LoanDetails -->
      </class> <!-- practice.GET_APIs -->
    </test> <!-- Default test -->
  </suite> <!-- Default suite -->
</testng-results>
